20/Jan/2021 23:18:57 [MainThread:4494988736] [django.utils.autoreload:578] [INFO]- Watching for file changes with StatReloader
20/Jan/2021 23:20:17 [Thread-2:123145499570176] [django.server:154] [WARNING]- "GET /api/v1/heatCheck HTTP/1.1" 403 52
20/Jan/2021 23:21:00 [Thread-2:123145499570176] [django.server:154] [WARNING]- "GET /api/v1/heatCheck?Authentication=tQnjg7iSHqNLvx+h/H57A+neOLb4CHgkQXkc7Nq9GRj9HcVQmSvEr3u5Dz5JiYMl HTTP/1.1" 403 52
20/Jan/2021 23:21:50 [Thread-2:123145499570176] [django.server:154] [WARNING]- "GET /api/v1/heatCheck?Authentication=tQnjg7iSHqNLvx+h/H57A+neOLb4CHgkQXkc7Nq9GRj9HcVQmSvEr3u5Dz5JiYMl HTTP/1.1" 403 52
20/Jan/2021 23:23:18 [Thread-2:123145499570176] [django.server:154] [WARNING]- "GET /api/v1/heatCheck?Authentication=tQnjg7iSHqNLvx+h/H57A+neOLb4CHgkQXkc7Nq9GRj9HcVQmSvEr3u5Dz5JiYMl HTTP/1.1" 403 52
20/Jan/2021 23:24:17 [MainThread:4494988736] [django.utils.autoreload:203] [INFO]- /Users/kobetian/RenogyPyPro/config/settings.py changed, reloading.
20/Jan/2021 23:25:45 [MainThread:4418008512] [django.utils.autoreload:578] [INFO]- Watching for file changes with StatReloader
20/Jan/2021 23:26:15 [MainThread:4418008512] [django.utils.autoreload:203] [INFO]- /Users/kobetian/RenogyPyPro/config/middleware/BcTokenAuthMiddleWare.py changed, reloading.
20/Jan/2021 23:26:16 [MainThread:4691047872] [django.utils.autoreload:578] [INFO]- Watching for file changes with StatReloader
20/Jan/2021 23:26:21 [Thread-2:123145348890624] [django.server:154] [WARNING]- "GET /api/v1/heatCheck?Authentication=tQnjg7iSHqNLvx+h/H57A+neOLb4CHgkQXkc7Nq9GRj9HcVQmSvEr3u5Dz5JiYMl HTTP/1.1" 403 52
20/Jan/2021 23:26:28 [Thread-2:123145348890624] [django.server:154] [WARNING]- "GET /api/v1/heatCheck?Authentication=tQnjg7iSHqNLvx+h/H57A+neOLb4CHgkQXkc7Nq9GRj9HcVQmSvEr3u5Dz5JiYMl HTTP/1.1" 403 52
20/Jan/2021 23:26:43 [MainThread:4691047872] [django.utils.autoreload:203] [INFO]- /Users/kobetian/RenogyPyPro/config/middleware/BcTokenAuthMiddleWare.py changed, reloading.
20/Jan/2021 23:26:44 [MainThread:4452689344] [django.utils.autoreload:578] [INFO]- Watching for file changes with StatReloader
20/Jan/2021 23:26:46 [Thread-2:123145505972224] [django.server:154] [WARNING]- "GET /api/v1/heatCheck?Authentication=tQnjg7iSHqNLvx+h/H57A+neOLb4CHgkQXkc7Nq9GRj9HcVQmSvEr3u5Dz5JiYMl HTTP/1.1" 403 52
20/Jan/2021 23:26:57 [MainThread:4452689344] [django.utils.autoreload:203] [INFO]- /Users/kobetian/RenogyPyPro/config/middleware/BcTokenAuthMiddleWare.py changed, reloading.
20/Jan/2021 23:26:57 [MainThread:4657255872] [django.utils.autoreload:578] [INFO]- Watching for file changes with StatReloader
20/Jan/2021 23:27:00 [Thread-2:123145333440512] [django.server:154] [WARNING]- "GET /api/v1/heatCheck?Authentication=tQnjg7iSHqNLvx+h/H57A+neOLb4CHgkQXkc7Nq9GRj9HcVQmSvEr3u5Dz5JiYMl HTTP/1.1" 403 52
20/Jan/2021 23:27:25 [MainThread:4657255872] [django.utils.autoreload:203] [INFO]- /Users/kobetian/RenogyPyPro/config/middleware/BcTokenAuthMiddleWare.py changed, reloading.
20/Jan/2021 23:27:26 [MainThread:4563871168] [django.utils.autoreload:578] [INFO]- Watching for file changes with StatReloader
20/Jan/2021 23:27:57 [MainThread:4563871168] [django.utils.autoreload:203] [INFO]- /Users/kobetian/RenogyPyPro/config/middleware/BcTokenAuthMiddleWare.py changed, reloading.
20/Jan/2021 23:27:57 [MainThread:4479567296] [django.utils.autoreload:578] [INFO]- Watching for file changes with StatReloader
20/Jan/2021 23:28:08 [Thread-2:123145430306816] [django.server:154] [INFO]- "GET /api/v1/heatCheck?Authentication=tQnjg7iSHqNLvx+h/H57A+neOLb4CHgkQXkc7Nq9GRj9HcVQmSvEr3u5Dz5JiYMl HTTP/1.1" 200 42
20/Jan/2021 23:28:45 [Thread-2:123145430306816] [django.server:154] [INFO]- "GET /api/v1/heatCheck?Authentication=tQnjg7iSHqNLvx+h/H57A+neOLb4CHgkQXkc7Nq9GRj9HcVQmSvEr3u5Dz5JiYMl HTTP/1.1" 200 42
20/Jan/2021 23:28:58 [Thread-2:123145430306816] [django.server:154] [INFO]- "GET /api/v1/heatCheck?Authentication=tQnjg7iSHqNLvx+h/H57A+neOLb4CHgkQXkc7Nq9GRj9HcVQmSvEr3u5Dz5JiYMl HTTP/1.1" 200 42
20/Jan/2021 23:29:14 [MainThread:4625954240] [django.utils.autoreload:578] [INFO]- Watching for file changes with StatReloader
20/Jan/2021 23:29:19 [Thread-2:123145508347904] [django.server:154] [INFO]- "GET /api/v1/heatCheck?Authentication=tQnjg7iSHqNLvx+h/H57A+neOLb4CHgkQXkc7Nq9GRj9HcVQmSvEr3u5Dz5JiYMl HTTP/1.1" 200 42
20/Jan/2021 23:31:56 [MainThread:4625954240] [django.utils.autoreload:203] [INFO]- /Users/kobetian/RenogyPyPro/common/crypto_aes.py changed, reloading.
20/Jan/2021 23:31:57 [MainThread:4680054208] [django.utils.autoreload:578] [INFO]- Watching for file changes with StatReloader
20/Jan/2021 23:32:21 [MainThread:4680054208] [django.utils.autoreload:203] [INFO]- /Users/kobetian/RenogyPyPro/common/crypto_aes.py changed, reloading.
20/Jan/2021 23:32:22 [MainThread:4632839616] [django.utils.autoreload:578] [INFO]- Watching for file changes with StatReloader
20/Jan/2021 23:32:32 [Thread-2:123145351520256] [django.server:154] [WARNING]- "GET /api/v1/heatCheck?Authentication=tQnjg7iSHqNLvx+h/H57A+neOLb4CHgkQXkc7Nq9GRj9HcVQmSvEr3u5Dz5JiYMl HTTP/1.1" 403 52
20/Jan/2021 23:32:45 [Thread-2:123145351520256] [django.server:154] [INFO]- "GET /api/v1/heatCheck?Authentication=tQnjg7iSHqNLvx+h/H57A+neOLb4CHgkQXkc7Nq9GRj9HcVQmSvEr3u5Dz5JiYMl HTTP/1.1" 200 42
20/Jan/2021 23:33:20 [Thread-3:123145356775424] [django.server:154] [WARNING]- "GET /docs/ HTTP/1.1" 403 52
20/Jan/2021 23:33:21 [Thread-3:123145356775424] [django.server:154] [WARNING]- "GET /favicon.ico HTTP/1.1" 403 52
20/Jan/2021 23:36:11 [MainThread:4632839616] [django.utils.autoreload:203] [INFO]- /Users/kobetian/RenogyPyPro/config/middleware/BcTokenAuthMiddleWare.py changed, reloading.
20/Jan/2021 23:36:12 [MainThread:4405478848] [django.utils.autoreload:578] [INFO]- Watching for file changes with StatReloader
20/Jan/2021 23:36:20 [Thread-2:123145380704256] [django.server:154] [WARNING]- "GET /docs/ HTTP/1.1" 403 52
20/Jan/2021 23:36:20 [Thread-2:123145380704256] [django.server:154] [WARNING]- "GET /favicon.ico HTTP/1.1" 403 52
20/Jan/2021 23:38:02 [MainThread:4405478848] [django.utils.autoreload:203] [INFO]- /Users/kobetian/RenogyPyPro/config/middleware/BcTokenAuthMiddleWare.py changed, reloading.
20/Jan/2021 23:38:02 [MainThread:4640982464] [django.utils.autoreload:578] [INFO]- Watching for file changes with StatReloader
20/Jan/2021 23:38:18 [MainThread:4640982464] [django.utils.autoreload:203] [INFO]- /Users/kobetian/RenogyPyPro/config/middleware/BcTokenAuthMiddleWare.py changed, reloading.
20/Jan/2021 23:38:19 [MainThread:4774208960] [django.utils.autoreload:578] [INFO]- Watching for file changes with StatReloader
20/Jan/2021 23:38:26 [Thread-2:123145459728384] [django.server:154] [ERROR]- "GET /docs/ HTTP/1.1" 500 61036
20/Jan/2021 23:38:27 [Thread-2:123145459728384] [django.server:154] [WARNING]- "GET /favicon.ico HTTP/1.1" 404 2184
20/Jan/2021 23:38:32 [Thread-2:123145459728384] [django.server:154] [INFO]- "GET /docs HTTP/1.1" 301 0
20/Jan/2021 23:38:32 [Thread-2:123145459728384] [django.server:154] [ERROR]- "GET /docs/ HTTP/1.1" 500 60901
20/Jan/2021 23:46:44 [MainThread:4774208960] [django.utils.autoreload:203] [INFO]- /Users/kobetian/RenogyPyPro/config/middleware/BcTokenAuthMiddleWare.py changed, reloading.
20/Jan/2021 23:46:45 [MainThread:4793419200] [django.utils.autoreload:578] [INFO]- Watching for file changes with StatReloader
20/Jan/2021 23:47:36 [MainThread:4793419200] [django.utils.autoreload:203] [INFO]- /Users/kobetian/RenogyPyPro/config/middleware/BcTokenAuthMiddleWare.py changed, reloading.
20/Jan/2021 23:47:37 [MainThread:4621637056] [django.utils.autoreload:578] [INFO]- Watching for file changes with StatReloader
20/Jan/2021 23:47:41 [Thread-2:123145385103360] [django.server:154] [INFO]- "GET /api/v1/heatCheck?Authentication=tQnjg7iSHqNLvx+h/H57A+neOLb4CHgkQXkc7Nq9GRj9HcVQmSvEr3u5Dz5JiYMl HTTP/1.1" 200 42
20/Jan/2021 23:48:07 [Thread-3:123145390358528] [django.server:154] [INFO]- "GET /docs/ HTTP/1.1" 200 3219
20/Jan/2021 23:48:07 [Thread-4:123145395613696] [django.server:154] [INFO]- "GET /static/rest_framework_swagger/bundles/app.bundle.css HTTP/1.1" 200 419
20/Jan/2021 23:48:07 [Thread-3:123145390358528] [django.server:154] [INFO]- "GET /static/rest_framework_swagger/bundles/vendors.bundle.css HTTP/1.1" 200 153889
20/Jan/2021 23:48:07 [Thread-3:123145390358528] [django.server:154] [INFO]- "GET /static/rest_framework_swagger/logo_small.png HTTP/1.1" 200 458
20/Jan/2021 23:48:07 [Thread-5:123145400868864] [django.server:154] [INFO]- "GET /static/rest_framework_swagger/bundles/app.bundle.js HTTP/1.1" 200 1771
20/Jan/2021 23:48:07 [Thread-4:123145395613696] [django.server:154] [INFO]- "GET /static/rest_framework_swagger/bundles/vendors.bundle.js HTTP/1.1" 200 1636116
20/Jan/2021 23:48:17 [MainThread:4621637056] [django.utils.autoreload:203] [INFO]- /Users/kobetian/RenogyPyPro/config/middleware/BcTokenAuthMiddleWare.py changed, reloading.
20/Jan/2021 23:48:18 [MainThread:4417377728] [django.utils.autoreload:578] [INFO]- Watching for file changes with StatReloader
20/Jan/2021 23:49:10 [Thread-2:123145431117824] [django.server:154] [WARNING]- "POST //api/v1/orders/refund HTTP/1.1" 404 2215
20/Jan/2021 23:49:20 [Thread-2:123145431117824] [django.server:154] [ERROR]- "POST /api/v1/orders/refund HTTP/1.1" 500 17711
20/Jan/2021 23:56:24 [MainThread:4500673984] [django.utils.autoreload:578] [INFO]- Watching for file changes with StatReloader
20/Jan/2021 23:56:33 [Thread-2:123145477935104] [django.server:154] [ERROR]- "POST /api/v1/orders/refund HTTP/1.1" 500 17509
20/Jan/2021 23:56:56 [MainThread:4500673984] [django.utils.autoreload:203] [INFO]- /Users/kobetian/RenogyPyPro/applications/core/orders/views.py changed, reloading.
20/Jan/2021 23:56:56 [MainThread:4497929664] [django.utils.autoreload:578] [INFO]- Watching for file changes with StatReloader
20/Jan/2021 23:57:01 [Thread-2:123145536827392] [django.server:154] [INFO]- "POST /api/v1/orders/refund HTTP/1.1" 200 59
21/Jan/2021 00:01:19 [Thread-2:123145536827392] [django.server:154] [INFO]- "POST /api/v1/orders/refund HTTP/1.1" 200 59
21/Jan/2021 00:38:28 [MainThread:4497929664] [django.utils.autoreload:203] [INFO]- /Users/kobetian/RenogyPyPro/common/crypto_aes.py changed, reloading.
21/Jan/2021 00:38:28 [MainThread:4639774144] [django.utils.autoreload:578] [INFO]- Watching for file changes with StatReloader
21/Jan/2021 00:40:12 [Thread-2:123145393381376] [django.server:154] [INFO]- "POST /api/v1/orders/refund HTTP/1.1" 200 59
21/Jan/2021 00:41:13 [MainThread:4639774144] [django.utils.autoreload:203] [INFO]- /Users/kobetian/RenogyPyPro/applications/core/orders/views.py changed, reloading.
21/Jan/2021 00:41:14 [MainThread:4544726464] [django.utils.autoreload:578] [INFO]- Watching for file changes with StatReloader
21/Jan/2021 00:41:33 [Thread-2:123145336381440] [django.server:154] [INFO]- "POST /api/v1/orders/refund HTTP/1.1" 200 59
21/Jan/2021 00:42:05 [MainThread:4544726464] [django.utils.autoreload:203] [INFO]- /Users/kobetian/RenogyPyPro/applications/core/orders/views.py changed, reloading.
21/Jan/2021 00:42:06 [MainThread:4596147648] [django.utils.autoreload:578] [INFO]- Watching for file changes with StatReloader
21/Jan/2021 00:42:12 [Thread-2:123145517277184] [django.server:154] [INFO]- "POST /api/v1/orders/refund HTTP/1.1" 200 59
21/Jan/2021 00:42:26 [Thread-2:123145517277184] [django.server:154] [INFO]- "POST /api/v1/orders/refund HTTP/1.1" 200 59
21/Jan/2021 00:42:55 [Thread-2:123145517277184] [django.server:154] [ERROR]- "POST /api/v1/orders/refund HTTP/1.1" 500 18073
21/Jan/2021 00:49:03 [MainThread:4596147648] [django.utils.autoreload:203] [INFO]- /Users/kobetian/RenogyPyPro/applications/core/orders/views.py changed, reloading.
21/Jan/2021 00:49:04 [MainThread:4480710080] [django.utils.autoreload:578] [INFO]- Watching for file changes with StatReloader
21/Jan/2021 00:49:18 [Thread-2:123145376772096] [django.server:154] [INFO]- "POST /api/v1/orders/refund HTTP/1.1" 200 125
21/Jan/2021 00:50:50 [MainThread:4480710080] [django.utils.autoreload:203] [INFO]- /Users/kobetian/RenogyPyPro/applications/bigcommerce/base.py changed, reloading.
21/Jan/2021 00:50:51 [MainThread:4459947456] [django.utils.autoreload:578] [INFO]- Watching for file changes with StatReloader
21/Jan/2021 00:51:05 [Thread-2:123145384960000] [django.server:154] [INFO]- "POST /api/v1/orders/refund HTTP/1.1" 200 125
21/Jan/2021 00:51:56 [MainThread:4459947456] [django.utils.autoreload:203] [INFO]- /Users/kobetian/RenogyPyPro/applications/core/orders/views.py changed, reloading.
21/Jan/2021 00:51:56 [MainThread:4573029824] [django.utils.autoreload:578] [INFO]- Watching for file changes with StatReloader
21/Jan/2021 00:52:12 [Thread-2:123145444708352] [django.server:154] [INFO]- "POST /api/v1/orders/refund HTTP/1.1" 200 42
21/Jan/2021 00:57:26 [MainThread:4573029824] [django.utils.autoreload:203] [INFO]- /Users/kobetian/RenogyPyPro/applications/core/orders/views.py changed, reloading.
21/Jan/2021 00:57:27 [MainThread:4636857792] [django.utils.autoreload:578] [INFO]- Watching for file changes with StatReloader
21/Jan/2021 00:57:59 [Thread-2:123145325010944] [django.server:154] [INFO]- "POST /api/v1/orders/refund HTTP/1.1" 200 42
21/Jan/2021 00:58:25 [MainThread:4636857792] [django.utils.autoreload:203] [INFO]- /Users/kobetian/RenogyPyPro/applications/bigcommerce/base.py changed, reloading.
21/Jan/2021 00:58:25 [MainThread:4645160384] [django.utils.autoreload:578] [INFO]- Watching for file changes with StatReloader
21/Jan/2021 01:02:33 [MainThread:4645160384] [django.utils.autoreload:203] [INFO]- /Users/kobetian/RenogyPyPro/common/crypto_aes.py changed, reloading.
21/Jan/2021 01:02:34 [MainThread:4537398720] [django.utils.autoreload:578] [INFO]- Watching for file changes with StatReloader
21/Jan/2021 01:02:42 [MainThread:4537398720] [django.utils.autoreload:203] [INFO]- /Users/kobetian/RenogyPyPro/common/crypto_aes.py changed, reloading.
21/Jan/2021 01:02:42 [MainThread:4445214144] [django.utils.autoreload:578] [INFO]- Watching for file changes with StatReloader
21/Jan/2021 01:03:47 [Thread-2:123145427517440] [django.server:154] [INFO]- "POST /api/v1/orders/refund HTTP/1.1" 200 59
21/Jan/2021 01:04:18 [Thread-2:123145427517440] [django.server:154] [INFO]- "POST /api/v1/orders/refund HTTP/1.1" 200 125
21/Jan/2021 01:05:10 [MainThread:4445214144] [django.utils.autoreload:203] [INFO]- /Users/kobetian/RenogyPyPro/applications/bigcommerce/base.py changed, reloading.
21/Jan/2021 01:05:10 [MainThread:4671694272] [django.utils.autoreload:578] [INFO]- Watching for file changes with StatReloader
21/Jan/2021 01:05:22 [Thread-2:123145512964096] [django.server:154] [INFO]- "POST /api/v1/orders/refund HTTP/1.1" 200 125
21/Jan/2021 01:06:44 [Thread-2:123145512964096] [django.server:154] [INFO]- "POST /api/v1/orders/refund HTTP/1.1" 200 59
21/Jan/2021 01:07:02 [Thread-2:123145512964096] [django.server:154] [INFO]- "POST /api/v1/orders/refund HTTP/1.1" 200 59
21/Jan/2021 01:09:32 [Thread-2:123145512964096] [django.server:154] [INFO]- "POST /api/v1/orders/refund HTTP/1.1" 200 125
21/Jan/2021 01:10:48 [MainThread:4671694272] [django.utils.autoreload:203] [INFO]- /Users/kobetian/RenogyPyPro/applications/core/orders/views.py changed, reloading.
21/Jan/2021 01:10:49 [MainThread:4390479296] [django.utils.autoreload:578] [INFO]- Watching for file changes with StatReloader
21/Jan/2021 01:11:00 [Thread-2:123145377103872] [django.server:154] [INFO]- "POST /api/v1/orders/refund HTTP/1.1" 200 125
21/Jan/2021 01:16:54 [Thread-2:123145377103872] [django.server:154] [INFO]- "POST /api/v1/orders/refund HTTP/1.1" 200 42
21/Jan/2021 01:18:46 [MainThread:4390479296] [django.utils.autoreload:203] [INFO]- /Users/kobetian/RenogyPyPro/applications/core/orders/views.py changed, reloading.
21/Jan/2021 01:18:47 [MainThread:4489766336] [django.utils.autoreload:578] [INFO]- Watching for file changes with StatReloader
21/Jan/2021 01:19:05 [Thread-2:123145562783744] [django.server:154] [INFO]- "POST /api/v1/orders/refund HTTP/1.1" 200 42
21/Jan/2021 01:20:05 [Thread-2:123145562783744] [django.server:154] [INFO]- "POST /api/v1/orders/refund HTTP/1.1" 200 125
21/Jan/2021 01:20:47 [MainThread:4489766336] [django.utils.autoreload:203] [INFO]- /Users/kobetian/RenogyPyPro/applications/core/orders/views.py changed, reloading.
21/Jan/2021 01:20:47 [MainThread:4618495424] [django.utils.autoreload:578] [INFO]- Watching for file changes with StatReloader
21/Jan/2021 01:32:36 [MainThread:4542424512] [django.utils.autoreload:578] [INFO]- Watching for file changes with StatReloader
21/Jan/2021 01:33:28 [MainThread:4676736448] [django.utils.autoreload:578] [INFO]- Watching for file changes with StatReloader
21/Jan/2021 01:34:51 [MainThread:4535649728] [django.utils.autoreload:578] [INFO]- Watching for file changes with StatReloader
21/Jan/2021 01:35:03 [Thread-2:123145562927104] [django.server:154] [INFO]- "POST /api/v1/orders/refund HTTP/1.1" 200 125
